13:26:42 INFO  manager.ApplicationManager - All tests starts in 'Firefox' browser
13:26:43 INFO  tests.TestBase - start test:  RegistrationFailExistUser
13:26:43 INFO  manager.MyListener - Start searching element with locator-->By.xpath: //*[text()='Sign Out']
13:26:48 INFO  manager.MyListener - Element with locator-->By.xpath: //*[text()='Sign Out']  was found
13:26:48 INFO  tests.TestBase - registration with: email-> UserM624@gmail.com and password-> OlaMar345$
13:26:48 INFO  manager.MyListener - Start searching element with locator-->By.xpath: //a[@href='/login']
13:26:48 INFO  manager.MyListener - Element with locator-->By.xpath: //a[@href='/login']  was found
13:26:48 INFO  manager.MyListener - Start searching element with locator-->By.xpath: //*[@placeholder='Email']
13:26:48 INFO  manager.MyListener - Element with locator-->By.xpath: //*[@placeholder='Email']  was found
13:26:49 INFO  manager.MyListener - Start searching element with locator-->By.xpath: //*[@placeholder='Password']
13:26:49 INFO  manager.MyListener - Element with locator-->By.xpath: //*[@placeholder='Password']  was found
13:26:49 INFO  manager.MyListener - Start searching element with locator-->By.xpath: //*[text()=' Registration']
13:26:49 INFO  manager.MyListener - Element with locator-->By.xpath: //*[text()=' Registration']  was found
13:26:50 INFO  manager.MyListener - Start searching element with locator-->By.cssSelector: div.login_login__3EHKB :first-child
13:26:50 INFO  manager.MyListener - Element with locator-->By.cssSelector: div.login_login__3EHKB :first-child  was found
13:26:50 INFO  tests.TestBase - End of Test:  RegistrationFailExistUser
13:26:50 INFO  tests.TestBase - start test:  RegistrationPosModels
13:26:50 INFO  manager.MyListener - Start searching element with locator-->By.xpath: //*[text()='Sign Out']
13:26:55 INFO  manager.MyListener - Element with locator-->By.xpath: //*[text()='Sign Out']  was found
13:26:55 INFO  tests.TestBase - registration with: email-> UserO1599@gmail.com and password-> OlaMar345$
13:26:55 INFO  manager.MyListener - Start searching element with locator-->By.xpath: //a[@href='/login']
13:26:55 INFO  manager.MyListener - Element with locator-->By.xpath: //a[@href='/login']  was found
13:26:56 INFO  manager.MyListener - Start searching element with locator-->By.xpath: //*[@placeholder='Email']
13:26:56 INFO  manager.MyListener - Element with locator-->By.xpath: //*[@placeholder='Email']  was found
13:26:56 INFO  manager.MyListener - Start searching element with locator-->By.xpath: //*[@placeholder='Password']
13:26:56 INFO  manager.MyListener - Element with locator-->By.xpath: //*[@placeholder='Password']  was found
13:26:56 INFO  manager.MyListener - Start searching element with locator-->By.xpath: //*[text()=' Registration']
13:26:56 INFO  manager.MyListener - Element with locator-->By.xpath: //*[text()=' Registration']  was found
13:26:57 INFO  manager.MyListener - Start searching element with locator-->By.xpath: //*[text()='Sign Out']
13:26:57 INFO  manager.MyListener - Element with locator-->By.xpath: //*[text()='Sign Out']  was found
13:26:57 INFO  tests.TestBase - End of Test:  RegistrationPosModels
13:26:57 INFO  tests.TestBase - start test:  LoginNegPass
13:26:57 INFO  manager.MyListener - Start searching element with locator-->By.xpath: //*[text()='Sign Out']
13:26:57 INFO  manager.MyListener - Element with locator-->By.xpath: //*[text()='Sign Out']  was found
13:26:57 INFO  manager.MyListener - Start searching element with locator-->By.xpath: //button[text()='Sign Out']
13:26:57 INFO  manager.MyListener - Element with locator-->By.xpath: //button[text()='Sign Out']  was found
13:26:57 INFO  manager.MyListener - Start searching element with locator-->By.xpath: //a[@href='/login']
13:26:57 INFO  manager.MyListener - Element with locator-->By.xpath: //a[@href='/login']  was found
13:26:57 INFO  manager.MyListener - Start searching element with locator-->By.xpath: //*[@placeholder='Email']
13:26:57 INFO  manager.MyListener - Element with locator-->By.xpath: //*[@placeholder='Email']  was found
13:26:57 INFO  manager.MyListener - Start searching element with locator-->By.xpath: //*[@placeholder='Password']
13:26:58 INFO  manager.MyListener - Element with locator-->By.xpath: //*[@placeholder='Password']  was found
13:26:58 INFO  manager.MyListener - Start searching element with locator-->By.xpath: //button[text()=' Login']
13:26:58 INFO  manager.MyListener - Element with locator-->By.xpath: //button[text()=' Login']  was found
13:26:59 INFO  tests.TestBase - End of Test:  LoginNegPass
13:26:59 INFO  tests.TestBase - start test:  LoginPosModels
13:26:59 INFO  manager.MyListener - Start searching element with locator-->By.xpath: //*[text()='Sign Out']
13:27:04 INFO  manager.MyListener - Element with locator-->By.xpath: //*[text()='Sign Out']  was found
13:27:04 INFO  manager.MyListener - Start searching element with locator-->By.xpath: //a[@href='/login']
13:27:04 INFO  manager.MyListener - Element with locator-->By.xpath: //a[@href='/login']  was found
13:27:04 INFO  manager.MyListener - Start searching element with locator-->By.xpath: //*[@placeholder='Email']
13:27:04 INFO  manager.MyListener - Element with locator-->By.xpath: //*[@placeholder='Email']  was found
13:27:05 INFO  manager.MyListener - Start searching element with locator-->By.xpath: //*[@placeholder='Password']
13:27:05 INFO  manager.MyListener - Element with locator-->By.xpath: //*[@placeholder='Password']  was found
13:27:06 INFO  manager.MyListener - Start searching element with locator-->By.xpath: //button[text()=' Login']
13:27:06 INFO  manager.MyListener - Element with locator-->By.xpath: //button[text()=' Login']  was found
13:27:06 INFO  manager.MyListener - Start searching element with locator-->By.xpath: //*[text()='Sign Out']
13:27:06 INFO  manager.MyListener - Element with locator-->By.xpath: //*[text()='Sign Out']  was found
13:27:06 INFO  tests.TestBase - End of Test:  LoginPosModels
13:27:06 INFO  manager.MyListener - Start searching element with locator-->By.xpath: //*[text()='Sign Out']
13:27:06 INFO  manager.MyListener - Element with locator-->By.xpath: //*[text()='Sign Out']  was found
13:27:06 INFO  tests.TestBase - start test:  oneContactAdd
13:27:06 INFO  manager.MyListener - Start searching element with locator-->By.cssSelector: .contact-item_card__2SOIM
13:27:06 INFO  manager.MyListener - Element with locator-->By.cssSelector: .contact-item_card__2SOIM  was found
13:27:06 INFO  tests.TestBase - Test starts with contact--->Contact(name=Olala1626, lastName=Ben, phone=+1233331626, email=Rff1626@gmail.com, address=Tel Aviv, description=Work contact)
13:27:06 INFO  manager.MyListener - Start searching element with locator-->By.xpath: //*[text()='ADD']
13:27:06 INFO  manager.MyListener - Element with locator-->By.xpath: //*[text()='ADD']  was found
13:27:07 INFO  manager.MyListener - Start searching element with locator-->By.cssSelector: input[placeholder ='Name']
13:27:07 INFO  manager.MyListener - Element with locator-->By.cssSelector: input[placeholder ='Name']  was found
13:27:07 INFO  manager.MyListener - Start searching element with locator-->By.cssSelector: input[placeholder ='Last Name']
13:27:07 INFO  manager.MyListener - Element with locator-->By.cssSelector: input[placeholder ='Last Name']  was found
13:27:08 INFO  manager.MyListener - Start searching element with locator-->By.cssSelector: input[placeholder ='Phone']
13:27:08 INFO  manager.MyListener - Element with locator-->By.cssSelector: input[placeholder ='Phone']  was found
13:27:09 INFO  manager.MyListener - Start searching element with locator-->By.cssSelector: input[placeholder ='email']
13:27:09 INFO  manager.MyListener - Element with locator-->By.cssSelector: input[placeholder ='email']  was found
13:27:10 INFO  manager.MyListener - Start searching element with locator-->By.cssSelector: input[placeholder ='Address']
13:27:10 INFO  manager.MyListener - Element with locator-->By.cssSelector: input[placeholder ='Address']  was found
13:27:10 INFO  manager.MyListener - Start searching element with locator-->By.cssSelector: input[placeholder ='description']
13:27:10 INFO  manager.MyListener - Element with locator-->By.cssSelector: input[placeholder ='description']  was found
13:27:11 INFO  manager.MyListener - Start searching element with locator-->By.cssSelector: div.add_form__2rsm2 :last-child
13:27:11 INFO  manager.MyListener - Element with locator-->By.cssSelector: div.add_form__2rsm2 :last-child  was found
13:27:11 INFO  manager.MyListener - Start searching element with locator-->By.cssSelector: .contact-item_card__2SOIM
13:27:11 INFO  manager.MyListener - Element with locator-->By.cssSelector: .contact-item_card__2SOIM  was found
13:27:11 INFO  manager.MyListener - Start searching element with locator-->By.tagName: h2
13:27:11 INFO  manager.MyListener - Element with locator-->By.tagName: h2  was found
13:27:11 INFO  manager.MyListener - Start searching element with locator-->By.tagName: h3
13:27:11 INFO  manager.MyListener - Element with locator-->By.tagName: h3  was found
13:27:11 INFO  manager.MyListener - Start searching element with locator-->By.cssSelector: .contact-item_card__2SOIM
13:27:11 INFO  manager.MyListener - Element with locator-->By.cssSelector: .contact-item_card__2SOIM  was found
13:27:11 INFO  tests.TestBase - Test'Add new contact' starts with count of contacts--->3
13:27:11 INFO  manager.MyListener - Start searching element with locator-->By.xpath: //*[text()='ADD']
13:27:11 INFO  manager.MyListener - Element with locator-->By.xpath: //*[text()='ADD']  was found
13:27:12 INFO  manager.MyListener - Start searching element with locator-->By.cssSelector: input[placeholder ='Name']
13:27:12 INFO  manager.MyListener - Element with locator-->By.cssSelector: input[placeholder ='Name']  was found
13:27:13 INFO  manager.MyListener - Start searching element with locator-->By.cssSelector: input[placeholder ='Last Name']
13:27:13 INFO  manager.MyListener - Element with locator-->By.cssSelector: input[placeholder ='Last Name']  was found
13:27:13 INFO  manager.MyListener - Start searching element with locator-->By.cssSelector: input[placeholder ='Phone']
13:27:13 INFO  manager.MyListener - Element with locator-->By.cssSelector: input[placeholder ='Phone']  was found
13:27:14 INFO  manager.MyListener - Start searching element with locator-->By.cssSelector: input[placeholder ='email']
13:27:14 INFO  manager.MyListener - Element with locator-->By.cssSelector: input[placeholder ='email']  was found
13:27:15 INFO  manager.MyListener - Start searching element with locator-->By.cssSelector: input[placeholder ='Address']
13:27:15 INFO  manager.MyListener - Element with locator-->By.cssSelector: input[placeholder ='Address']  was found
13:27:15 INFO  manager.MyListener - Start searching element with locator-->By.cssSelector: input[placeholder ='description']
13:27:15 INFO  manager.MyListener - Element with locator-->By.cssSelector: input[placeholder ='description']  was found
13:27:16 INFO  manager.MyListener - Start searching element with locator-->By.cssSelector: div.add_form__2rsm2 :last-child
13:27:16 INFO  manager.MyListener - Element with locator-->By.cssSelector: div.add_form__2rsm2 :last-child  was found
13:27:18 INFO  manager.MyListener - Start searching element with locator-->By.cssSelector: .contact-item_card__2SOIM
13:27:18 INFO  manager.MyListener - Element with locator-->By.cssSelector: .contact-item_card__2SOIM  was found
13:27:18 INFO  tests.TestBase - Test'Add new contact' ends with count of contacts--->4
13:27:18 INFO  tests.TestBase - End of Test:  oneContactAdd
13:27:18 INFO  tests.TestBase - start test:  removeOneContactWithDetails
13:27:18 INFO  manager.MyListener - Start searching element with locator-->By.cssSelector: .contact-item_card__2SOIM
13:27:18 INFO  manager.MyListener - Element with locator-->By.cssSelector: .contact-item_card__2SOIM  was found
13:27:18 INFO  manager.MyListener - Start searching element with locator-->By.cssSelector: .contact-item_card__2SOIM
13:27:18 INFO  manager.MyListener - Element with locator-->By.cssSelector: .contact-item_card__2SOIM  was found
13:27:18 INFO  tests.TestBase - Contact's list starts with 4contacts
13:27:18 INFO  manager.MyListener - Start searching element with locator-->By.cssSelector: .contact-item_card__2SOIM h3
13:27:18 INFO  manager.MyListener - Element with locator-->By.cssSelector: .contact-item_card__2SOIM h3  was found
13:27:18 INFO  manager.MyListener - Start searching element with locator-->By.cssSelector: .contact-item_card__2SOIM
13:27:18 INFO  manager.MyListener - Element with locator-->By.cssSelector: .contact-item_card__2SOIM  was found
13:27:19 INFO  manager.HelperBase - Deleted contact has phone number = +1233551487
13:27:19 INFO  manager.MyListener - Start searching element with locator-->By.xpath: //*[text()='Remove']
13:27:19 INFO  manager.MyListener - Element with locator-->By.xpath: //*[text()='Remove']  was found
13:27:20 INFO  manager.MyListener - Start searching element with locator-->By.cssSelector: .contact-item_card__2SOIM
13:27:20 INFO  manager.MyListener - Element with locator-->By.cssSelector: .contact-item_card__2SOIM  was found
13:27:20 INFO  tests.TestBase - Contact's list ends with 3contacts
13:27:20 INFO  tests.TestBase - End of Test:  removeOneContactWithDetails
