08:33:52 INFO  manager.ApplicationManager - All tests starts in 'Firefox' browser
08:33:53 INFO  tests.TestBase - start test:  RegistrationFailEmail
08:33:53 INFO  manager.MyListener - Start searching element with locator-->By.xpath: //*[text()='Sign Out']
08:33:58 INFO  manager.MyListener - Element with locator-->By.xpath: //*[text()='Sign Out']  was found
08:33:58 INFO  tests.TestBase - registration with: email-> UserM2028gmail.com and password-> OlaMar345$
08:33:58 INFO  manager.MyListener - Start searching element with locator-->By.xpath: //a[@href='/login']
08:33:58 INFO  manager.MyListener - Element with locator-->By.xpath: //a[@href='/login']  was found
08:33:58 INFO  manager.MyListener - Start searching element with locator-->By.xpath: //*[@placeholder='Email']
08:33:58 INFO  manager.MyListener - Element with locator-->By.xpath: //*[@placeholder='Email']  was found
08:33:58 INFO  manager.MyListener - Start searching element with locator-->By.xpath: //*[@placeholder='Password']
08:33:58 INFO  manager.MyListener - Element with locator-->By.xpath: //*[@placeholder='Password']  was found
08:33:59 INFO  manager.MyListener - Start searching element with locator-->By.xpath: //*[text()=' Registration']
08:33:59 INFO  manager.MyListener - Element with locator-->By.xpath: //*[text()=' Registration']  was found
08:34:04 INFO  tests.TestBase - End of Test:  RegistrationFailEmail
08:34:04 INFO  tests.TestBase - start test:  RegistrationFailExistUser
08:34:04 INFO  manager.MyListener - Start searching element with locator-->By.xpath: //*[text()='Sign Out']
08:34:09 INFO  manager.MyListener - Element with locator-->By.xpath: //*[text()='Sign Out']  was found
08:34:09 INFO  tests.TestBase - registration with: email-> UserM624@gmail.com and password-> OlaMar345$
08:34:09 INFO  manager.MyListener - Start searching element with locator-->By.xpath: //a[@href='/login']
08:34:09 INFO  manager.MyListener - Element with locator-->By.xpath: //a[@href='/login']  was found
08:34:09 INFO  manager.MyListener - Start searching element with locator-->By.xpath: //*[@placeholder='Email']
08:34:12 INFO  tests.TestBase - End of Test:  RegistrationFailExistUser
08:34:12 INFO  tests.TestBase - start test:  RegistrationFailPassword
08:34:12 INFO  manager.MyListener - Start searching element with locator-->By.xpath: //*[text()='Sign Out']
08:34:17 INFO  manager.MyListener - Element with locator-->By.xpath: //*[text()='Sign Out']  was found
08:34:17 INFO  tests.TestBase - registration with: email-> UserM2028@gmail.com and password-> OlaMar345
08:34:17 INFO  manager.MyListener - Start searching element with locator-->By.xpath: //a[@href='/login']
08:34:17 INFO  manager.MyListener - Element with locator-->By.xpath: //a[@href='/login']  was found
08:34:17 INFO  manager.MyListener - Start searching element with locator-->By.xpath: //*[@placeholder='Email']
08:34:17 INFO  manager.MyListener - Element with locator-->By.xpath: //*[@placeholder='Email']  was found
08:34:17 INFO  manager.MyListener - Start searching element with locator-->By.xpath: //*[@placeholder='Password']
08:34:17 INFO  manager.MyListener - Element with locator-->By.xpath: //*[@placeholder='Password']  was found
08:34:18 INFO  manager.MyListener - Start searching element with locator-->By.xpath: //*[text()=' Registration']
08:34:18 INFO  manager.MyListener - Element with locator-->By.xpath: //*[text()=' Registration']  was found
08:34:18 INFO  manager.MyListener - Start searching element with locator-->By.cssSelector: div.login_login__3EHKB :first-child
08:34:18 INFO  manager.MyListener - Element with locator-->By.cssSelector: div.login_login__3EHKB :first-child  was found
08:34:18 INFO  tests.TestBase - End of Test:  RegistrationFailPassword
08:34:18 INFO  tests.TestBase - start test:  RegistrationPos
08:34:18 INFO  manager.MyListener - Start searching element with locator-->By.xpath: //*[text()='Sign Out']
08:34:23 INFO  manager.MyListener - Element with locator-->By.xpath: //*[text()='Sign Out']  was found
08:34:23 INFO  tests.TestBase - registration with: email-> Frog2449@gmail.com and password-> Zat2449$
08:34:23 INFO  manager.MyListener - Start searching element with locator-->By.xpath: //a[@href='/login']
08:34:23 INFO  manager.MyListener - Element with locator-->By.xpath: //a[@href='/login']  was found
08:34:23 INFO  manager.MyListener - Start searching element with locator-->By.xpath: //*[@placeholder='Email']
08:34:23 INFO  manager.MyListener - Element with locator-->By.xpath: //*[@placeholder='Email']  was found
08:34:23 INFO  manager.MyListener - Start searching element with locator-->By.xpath: //*[@placeholder='Password']
08:34:23 INFO  manager.MyListener - Element with locator-->By.xpath: //*[@placeholder='Password']  was found
08:34:24 INFO  manager.MyListener - Start searching element with locator-->By.xpath: //*[text()=' Registration']
08:34:24 INFO  manager.MyListener - Element with locator-->By.xpath: //*[text()=' Registration']  was found
08:34:24 INFO  manager.MyListener - Start searching element with locator-->By.xpath: //*[text()='Sign Out']
08:34:24 INFO  manager.MyListener - Element with locator-->By.xpath: //*[text()='Sign Out']  was found
08:34:24 INFO  tests.TestBase - End of Test:  RegistrationPos
08:34:24 INFO  tests.TestBase - start test:  RegistrationPos
08:34:24 INFO  manager.MyListener - Start searching element with locator-->By.xpath: //*[text()='Sign Out']
08:34:24 INFO  manager.MyListener - Element with locator-->By.xpath: //*[text()='Sign Out']  was found
08:34:24 INFO  manager.MyListener - Start searching element with locator-->By.xpath: //button[text()='Sign Out']
08:34:24 INFO  manager.MyListener - Element with locator-->By.xpath: //button[text()='Sign Out']  was found
08:34:24 INFO  tests.TestBase - registration with: email-> Frog24491@gmail.com and password-> Zat2449$
08:34:24 INFO  manager.MyListener - Start searching element with locator-->By.xpath: //a[@href='/login']
08:34:24 INFO  manager.MyListener - Element with locator-->By.xpath: //a[@href='/login']  was found
08:34:25 INFO  manager.MyListener - Start searching element with locator-->By.xpath: //*[@placeholder='Email']
08:34:25 INFO  manager.MyListener - Element with locator-->By.xpath: //*[@placeholder='Email']  was found
08:34:25 INFO  manager.MyListener - Start searching element with locator-->By.xpath: //*[@placeholder='Password']
08:34:25 INFO  manager.MyListener - Element with locator-->By.xpath: //*[@placeholder='Password']  was found
08:34:25 INFO  manager.MyListener - Start searching element with locator-->By.xpath: //*[text()=' Registration']
08:34:25 INFO  manager.MyListener - Element with locator-->By.xpath: //*[text()=' Registration']  was found
08:34:25 INFO  manager.MyListener - Start searching element with locator-->By.xpath: //*[text()='Sign Out']
08:34:25 INFO  manager.MyListener - Element with locator-->By.xpath: //*[text()='Sign Out']  was found
08:34:25 INFO  tests.TestBase - End of Test:  RegistrationPos
08:34:25 INFO  tests.TestBase - start test:  RegistrationPos
08:34:25 INFO  manager.MyListener - Start searching element with locator-->By.xpath: //*[text()='Sign Out']
08:34:25 INFO  manager.MyListener - Element with locator-->By.xpath: //*[text()='Sign Out']  was found
08:34:25 INFO  manager.MyListener - Start searching element with locator-->By.xpath: //button[text()='Sign Out']
08:34:26 INFO  manager.MyListener - Element with locator-->By.xpath: //button[text()='Sign Out']  was found
08:34:26 INFO  tests.TestBase - registration with: email-> Frog24492@gmail.com and password-> Zat2449$
08:34:26 INFO  manager.MyListener - Start searching element with locator-->By.xpath: //a[@href='/login']
08:34:26 INFO  manager.MyListener - Element with locator-->By.xpath: //a[@href='/login']  was found
08:34:26 INFO  manager.MyListener - Start searching element with locator-->By.xpath: //*[@placeholder='Email']
08:34:26 INFO  manager.MyListener - Element with locator-->By.xpath: //*[@placeholder='Email']  was found
08:34:26 INFO  manager.MyListener - Start searching element with locator-->By.xpath: //*[@placeholder='Password']
08:34:26 INFO  manager.MyListener - Element with locator-->By.xpath: //*[@placeholder='Password']  was found
08:34:27 INFO  manager.MyListener - Start searching element with locator-->By.xpath: //*[text()=' Registration']
08:34:27 INFO  manager.MyListener - Element with locator-->By.xpath: //*[text()=' Registration']  was found
08:34:27 INFO  manager.MyListener - Start searching element with locator-->By.xpath: //*[text()='Sign Out']
08:34:27 INFO  manager.MyListener - Element with locator-->By.xpath: //*[text()='Sign Out']  was found
08:34:27 INFO  tests.TestBase - End of Test:  RegistrationPos
08:34:27 INFO  tests.TestBase - start test:  RegistrationPos
08:34:27 INFO  manager.MyListener - Start searching element with locator-->By.xpath: //*[text()='Sign Out']
08:34:27 INFO  manager.MyListener - Element with locator-->By.xpath: //*[text()='Sign Out']  was found
08:34:27 INFO  manager.MyListener - Start searching element with locator-->By.xpath: //button[text()='Sign Out']
08:34:27 INFO  manager.MyListener - Element with locator-->By.xpath: //button[text()='Sign Out']  was found
08:34:27 INFO  tests.TestBase - registration with: email-> Frog24493@gmail.com and password-> Zat2449$
08:34:27 INFO  manager.MyListener - Start searching element with locator-->By.xpath: //a[@href='/login']
08:34:27 INFO  manager.MyListener - Element with locator-->By.xpath: //a[@href='/login']  was found
08:34:27 INFO  manager.MyListener - Start searching element with locator-->By.xpath: //*[@placeholder='Email']
08:34:27 INFO  manager.MyListener - Element with locator-->By.xpath: //*[@placeholder='Email']  was found
08:34:28 INFO  manager.MyListener - Start searching element with locator-->By.xpath: //*[@placeholder='Password']
08:34:28 INFO  manager.MyListener - Element with locator-->By.xpath: //*[@placeholder='Password']  was found
08:34:28 INFO  manager.MyListener - Start searching element with locator-->By.xpath: //*[text()=' Registration']
08:34:28 INFO  manager.MyListener - Element with locator-->By.xpath: //*[text()=' Registration']  was found
08:34:28 INFO  manager.MyListener - Start searching element with locator-->By.xpath: //*[text()='Sign Out']
08:34:28 INFO  manager.MyListener - Element with locator-->By.xpath: //*[text()='Sign Out']  was found
08:34:28 INFO  tests.TestBase - End of Test:  RegistrationPos
08:34:28 INFO  tests.TestBase - start test:  RegistrationPosModels
08:34:28 INFO  manager.MyListener - Start searching element with locator-->By.xpath: //*[text()='Sign Out']
08:34:28 INFO  manager.MyListener - Element with locator-->By.xpath: //*[text()='Sign Out']  was found
08:34:28 INFO  manager.MyListener - Start searching element with locator-->By.xpath: //button[text()='Sign Out']
08:34:28 INFO  manager.MyListener - Element with locator-->By.xpath: //button[text()='Sign Out']  was found
08:34:28 INFO  tests.TestBase - registration with: email-> UserO2028@gmail.com and password-> OlaMar345$
08:34:28 INFO  manager.MyListener - Start searching element with locator-->By.xpath: //a[@href='/login']
08:34:29 INFO  manager.MyListener - Element with locator-->By.xpath: //a[@href='/login']  was found
08:34:29 INFO  manager.MyListener - Start searching element with locator-->By.xpath: //*[@placeholder='Email']
08:34:29 INFO  manager.MyListener - Element with locator-->By.xpath: //*[@placeholder='Email']  was found
08:34:29 INFO  manager.MyListener - Start searching element with locator-->By.xpath: //*[@placeholder='Password']
08:34:29 INFO  manager.MyListener - Element with locator-->By.xpath: //*[@placeholder='Password']  was found
08:34:29 INFO  manager.MyListener - Start searching element with locator-->By.xpath: //*[text()=' Registration']
08:34:29 INFO  manager.MyListener - Element with locator-->By.xpath: //*[text()=' Registration']  was found
08:34:30 INFO  manager.MyListener - Start searching element with locator-->By.xpath: //*[text()='Sign Out']
08:34:30 INFO  manager.MyListener - Element with locator-->By.xpath: //*[text()='Sign Out']  was found
08:34:30 INFO  tests.TestBase - End of Test:  RegistrationPosModels
08:34:30 INFO  tests.TestBase - start test:  LoginNegEmail
08:34:30 INFO  manager.MyListener - Start searching element with locator-->By.xpath: //*[text()='Sign Out']
08:34:30 INFO  manager.MyListener - Element with locator-->By.xpath: //*[text()='Sign Out']  was found
08:34:30 INFO  manager.MyListener - Start searching element with locator-->By.xpath: //button[text()='Sign Out']
08:34:30 INFO  manager.MyListener - Element with locator-->By.xpath: //button[text()='Sign Out']  was found
08:34:30 INFO  manager.MyListener - Start searching element with locator-->By.xpath: //a[@href='/login']
08:34:30 INFO  manager.MyListener - Element with locator-->By.xpath: //a[@href='/login']  was found
08:34:30 INFO  manager.MyListener - Start searching element with locator-->By.xpath: //*[@placeholder='Email']
08:34:30 INFO  manager.MyListener - Element with locator-->By.xpath: //*[@placeholder='Email']  was found
08:34:30 INFO  manager.MyListener - Start searching element with locator-->By.xpath: //*[@placeholder='Password']
08:34:30 INFO  manager.MyListener - Element with locator-->By.xpath: //*[@placeholder='Password']  was found
08:34:31 INFO  manager.MyListener - Start searching element with locator-->By.xpath: //button[text()=' Login']
08:34:31 INFO  manager.MyListener - Element with locator-->By.xpath: //button[text()=' Login']  was found
08:34:31 INFO  manager.MyListener - Start searching element with locator-->By.xpath: //*[text()='Sign Out']
08:34:36 INFO  manager.MyListener - Element with locator-->By.xpath: //*[text()='Sign Out']  was found
08:34:36 INFO  tests.TestBase - End of Test:  LoginNegEmail
08:34:36 INFO  tests.TestBase - start test:  LoginNegPass
08:34:36 INFO  manager.MyListener - Start searching element with locator-->By.xpath: //*[text()='Sign Out']
08:34:41 INFO  manager.MyListener - Element with locator-->By.xpath: //*[text()='Sign Out']  was found
08:34:41 INFO  manager.MyListener - Start searching element with locator-->By.xpath: //a[@href='/login']
08:34:41 INFO  manager.MyListener - Element with locator-->By.xpath: //a[@href='/login']  was found
08:34:41 INFO  manager.MyListener - Start searching element with locator-->By.xpath: //*[@placeholder='Email']
08:34:41 INFO  manager.MyListener - Element with locator-->By.xpath: //*[@placeholder='Email']  was found
08:34:42 INFO  manager.MyListener - Start searching element with locator-->By.xpath: //*[@placeholder='Password']
08:34:42 INFO  manager.MyListener - Element with locator-->By.xpath: //*[@placeholder='Password']  was found
08:34:42 INFO  manager.MyListener - Start searching element with locator-->By.xpath: //button[text()=' Login']
08:34:42 INFO  manager.MyListener - Element with locator-->By.xpath: //button[text()=' Login']  was found
08:34:42 INFO  tests.TestBase - End of Test:  LoginNegPass
08:34:42 INFO  tests.TestBase - start test:  LoginPos
08:34:42 INFO  manager.MyListener - Start searching element with locator-->By.xpath: //*[text()='Sign Out']
08:34:47 INFO  manager.MyListener - Element with locator-->By.xpath: //*[text()='Sign Out']  was found
08:34:47 INFO  tests.TestBase - Login with data: -->UserM624@gmail.com; OlaMar345$
08:34:47 INFO  manager.MyListener - Start searching element with locator-->By.xpath: //a[@href='/login']
08:34:47 INFO  manager.MyListener - Element with locator-->By.xpath: //a[@href='/login']  was found
08:34:47 INFO  manager.MyListener - Start searching element with locator-->By.xpath: //*[@placeholder='Email']
08:34:47 INFO  manager.MyListener - Element with locator-->By.xpath: //*[@placeholder='Email']  was found
08:34:48 INFO  manager.MyListener - Start searching element with locator-->By.xpath: //*[@placeholder='Password']
08:34:48 INFO  manager.MyListener - Element with locator-->By.xpath: //*[@placeholder='Password']  was found
08:34:48 INFO  manager.MyListener - Start searching element with locator-->By.xpath: //button[text()=' Login']
08:34:48 INFO  manager.MyListener - Element with locator-->By.xpath: //button[text()=' Login']  was found
08:34:48 INFO  manager.MyListener - Start searching element with locator-->By.xpath: //*[text()='Sign Out']
08:34:48 INFO  manager.MyListener - Element with locator-->By.xpath: //*[text()='Sign Out']  was found
08:34:48 INFO  tests.TestBase - Test finished --> Success
08:34:48 INFO  tests.TestBase - End of Test:  LoginPos
08:34:48 INFO  tests.TestBase - start test:  LoginPosModels
08:34:48 INFO  manager.MyListener - Start searching element with locator-->By.xpath: //*[text()='Sign Out']
08:34:48 INFO  manager.MyListener - Element with locator-->By.xpath: //*[text()='Sign Out']  was found
08:34:48 INFO  manager.MyListener - Start searching element with locator-->By.xpath: //button[text()='Sign Out']
08:34:48 INFO  manager.MyListener - Element with locator-->By.xpath: //button[text()='Sign Out']  was found
08:34:49 INFO  manager.MyListener - Start searching element with locator-->By.xpath: //a[@href='/login']
08:34:49 INFO  manager.MyListener - Element with locator-->By.xpath: //a[@href='/login']  was found
08:34:49 INFO  manager.MyListener - Start searching element with locator-->By.xpath: //*[@placeholder='Email']
08:34:49 INFO  manager.MyListener - Element with locator-->By.xpath: //*[@placeholder='Email']  was found
08:34:49 INFO  manager.MyListener - Start searching element with locator-->By.xpath: //*[@placeholder='Password']
08:34:49 INFO  manager.MyListener - Element with locator-->By.xpath: //*[@placeholder='Password']  was found
08:34:49 INFO  manager.MyListener - Start searching element with locator-->By.xpath: //button[text()=' Login']
08:34:49 INFO  manager.MyListener - Element with locator-->By.xpath: //button[text()=' Login']  was found
08:34:50 INFO  manager.MyListener - Start searching element with locator-->By.xpath: //*[text()='Sign Out']
08:34:50 INFO  manager.MyListener - Element with locator-->By.xpath: //*[text()='Sign Out']  was found
08:34:50 INFO  tests.TestBase - End of Test:  LoginPosModels
