18:51:15 INFO  manager.ApplicationManager - All tests starts in 'Chrome' browser
18:51:23 INFO  tests.TestBase - start test:  RegistrationPos
18:51:23 INFO  manager.MyListener - Start searching element with locator-->By.xpath: //*[text()='Sign Out']
18:51:28 INFO  manager.MyListener - Element with locator-->By.xpath: //*[text()='Sign Out']  was found
18:51:28 INFO  tests.TestBase - registration with: email-> Frog3474@gmail.com and password-> Zat3474$
18:51:28 INFO  manager.MyListener - Start searching element with locator-->By.xpath: //a[@href='/login']
18:51:28 INFO  manager.MyListener - Element with locator-->By.xpath: //a[@href='/login']  was found
18:51:28 INFO  manager.MyListener - Start searching element with locator-->By.xpath: //*[@placeholder='Email']
18:51:28 INFO  manager.MyListener - Element with locator-->By.xpath: //*[@placeholder='Email']  was found
18:51:29 INFO  manager.MyListener - Start searching element with locator-->By.xpath: //*[@placeholder='Password']
18:51:29 INFO  manager.MyListener - Element with locator-->By.xpath: //*[@placeholder='Password']  was found
18:51:29 INFO  manager.MyListener - Start searching element with locator-->By.xpath: //*[text()=' Registration']
18:51:29 INFO  manager.MyListener - Element with locator-->By.xpath: //*[text()=' Registration']  was found
18:51:29 INFO  manager.MyListener - Start searching element with locator-->By.xpath: //*[text()='Sign Out']
18:51:30 INFO  manager.MyListener - Element with locator-->By.xpath: //*[text()='Sign Out']  was found
18:51:30 INFO  tests.TestBase - End of Test:  RegistrationPos
18:51:30 INFO  tests.TestBase - start test:  RegistrationPos
18:51:30 INFO  manager.MyListener - Start searching element with locator-->By.xpath: //*[text()='Sign Out']
18:51:30 INFO  manager.MyListener - Element with locator-->By.xpath: //*[text()='Sign Out']  was found
18:51:30 INFO  manager.MyListener - Start searching element with locator-->By.xpath: //button[text()='Sign Out']
18:51:30 INFO  manager.MyListener - Element with locator-->By.xpath: //button[text()='Sign Out']  was found
18:51:31 INFO  tests.TestBase - registration with: email-> Frog34741@gmail.com and password-> Zat3474$
18:51:31 INFO  manager.MyListener - Start searching element with locator-->By.xpath: //a[@href='/login']
18:51:31 INFO  manager.MyListener - Element with locator-->By.xpath: //a[@href='/login']  was found
18:51:31 INFO  manager.MyListener - Start searching element with locator-->By.xpath: //*[@placeholder='Email']
18:51:31 INFO  manager.MyListener - Element with locator-->By.xpath: //*[@placeholder='Email']  was found
18:51:31 INFO  manager.MyListener - Start searching element with locator-->By.xpath: //*[@placeholder='Password']
18:51:31 INFO  manager.MyListener - Element with locator-->By.xpath: //*[@placeholder='Password']  was found
18:51:32 INFO  manager.MyListener - Start searching element with locator-->By.xpath: //*[text()=' Registration']
18:51:32 INFO  manager.MyListener - Element with locator-->By.xpath: //*[text()=' Registration']  was found
18:51:32 INFO  manager.MyListener - Start searching element with locator-->By.xpath: //*[text()='Sign Out']
18:51:32 INFO  manager.MyListener - Element with locator-->By.xpath: //*[text()='Sign Out']  was found
18:51:32 INFO  tests.TestBase - End of Test:  RegistrationPos
18:51:32 INFO  tests.TestBase - start test:  RegistrationPos
18:51:32 INFO  manager.MyListener - Start searching element with locator-->By.xpath: //*[text()='Sign Out']
18:51:32 INFO  manager.MyListener - Element with locator-->By.xpath: //*[text()='Sign Out']  was found
18:51:32 INFO  manager.MyListener - Start searching element with locator-->By.xpath: //button[text()='Sign Out']
18:51:32 INFO  manager.MyListener - Element with locator-->By.xpath: //button[text()='Sign Out']  was found
18:51:32 INFO  tests.TestBase - registration with: email-> Frog34742@gmail.com and password-> Zat3474$
18:51:32 INFO  manager.MyListener - Start searching element with locator-->By.xpath: //a[@href='/login']
18:51:32 INFO  manager.MyListener - Element with locator-->By.xpath: //a[@href='/login']  was found
18:51:33 INFO  manager.MyListener - Start searching element with locator-->By.xpath: //*[@placeholder='Email']
18:51:33 INFO  manager.MyListener - Element with locator-->By.xpath: //*[@placeholder='Email']  was found
18:51:33 INFO  manager.MyListener - Start searching element with locator-->By.xpath: //*[@placeholder='Password']
18:51:33 INFO  manager.MyListener - Element with locator-->By.xpath: //*[@placeholder='Password']  was found
18:51:34 INFO  manager.MyListener - Start searching element with locator-->By.xpath: //*[text()=' Registration']
18:51:34 INFO  manager.MyListener - Element with locator-->By.xpath: //*[text()=' Registration']  was found
18:51:34 INFO  manager.MyListener - Start searching element with locator-->By.xpath: //*[text()='Sign Out']
18:51:34 INFO  manager.MyListener - Element with locator-->By.xpath: //*[text()='Sign Out']  was found
18:51:34 INFO  tests.TestBase - End of Test:  RegistrationPos
18:51:34 INFO  tests.TestBase - start test:  RegistrationPos
18:51:34 INFO  manager.MyListener - Start searching element with locator-->By.xpath: //*[text()='Sign Out']
18:51:34 INFO  manager.MyListener - Element with locator-->By.xpath: //*[text()='Sign Out']  was found
18:51:34 INFO  manager.MyListener - Start searching element with locator-->By.xpath: //button[text()='Sign Out']
18:51:34 INFO  manager.MyListener - Element with locator-->By.xpath: //button[text()='Sign Out']  was found
18:51:34 INFO  tests.TestBase - registration with: email-> Frog34743@gmail.com and password-> Zat3474$
18:51:34 INFO  manager.MyListener - Start searching element with locator-->By.xpath: //a[@href='/login']
18:51:35 INFO  manager.MyListener - Element with locator-->By.xpath: //a[@href='/login']  was found
18:51:35 INFO  manager.MyListener - Start searching element with locator-->By.xpath: //*[@placeholder='Email']
18:51:35 INFO  manager.MyListener - Element with locator-->By.xpath: //*[@placeholder='Email']  was found
18:51:35 INFO  manager.MyListener - Start searching element with locator-->By.xpath: //*[@placeholder='Password']
18:51:35 INFO  manager.MyListener - Element with locator-->By.xpath: //*[@placeholder='Password']  was found
18:51:36 INFO  manager.MyListener - Start searching element with locator-->By.xpath: //*[text()=' Registration']
18:51:36 INFO  manager.MyListener - Element with locator-->By.xpath: //*[text()=' Registration']  was found
18:51:36 INFO  manager.MyListener - Start searching element with locator-->By.xpath: //*[text()='Sign Out']
18:51:36 INFO  manager.MyListener - Element with locator-->By.xpath: //*[text()='Sign Out']  was found
18:51:36 INFO  tests.TestBase - End of Test:  RegistrationPos
