08:57:12 INFO  manager.ApplicationManager - All tests starts in 'Chrome' browser
08:57:13 INFO  tests.TestBase - start test:  contactAddSuccess
08:57:18 INFO  tests.TestBase - Test starts with contact--->Contact(name=Olala3438, lastName=Ben, phone=+1233333438, email=Rff3438@gmail.com, address=Tel Aviv, description=Work contact)
08:57:20 INFO  tests.TestBase - End of Test:  contactAddSuccess
08:57:20 INFO  tests.TestBase - start test:  contactAddSuccess
08:57:20 INFO  tests.TestBase - Test starts with contact--->Contact(name=Olala3440, lastName=Ben, phone=+1233333440, email=Rff3440@gmail.com, address=Tel Aviv, description=Work contact)
08:57:22 INFO  tests.TestBase - End of Test:  contactAddSuccess
08:57:22 INFO  tests.TestBase - start test:  contactAddSuccess
08:57:22 INFO  tests.TestBase - Test starts with contact--->Contact(name=Olala3442, lastName=Ben, phone=+1233333442, email=Rff3442@gmail.com, address=Tel Aviv, description=Work contact)
08:57:23 INFO  tests.TestBase - End of Test:  contactAddSuccess
08:57:23 INFO  tests.TestBase - start test:  oneContactAdd
08:57:23 INFO  tests.TestBase - Test'Add new contact' starts with count of contacts--->6
08:57:26 INFO  tests.TestBase - Test'Add new contact' ends with count of contacts--->7
08:57:26 INFO  tests.TestBase - End of Test:  oneContactAdd
08:57:26 INFO  tests.TestBase - start test:  oneContactRemove
08:57:26 INFO  tests.TestBase - Contact's list start with 7contacts
08:57:27 INFO  tests.TestBase - Contact's list ends with 6contacts
08:57:27 INFO  tests.TestBase - End of Test:  oneContactRemove
08:57:27 INFO  tests.TestBase - start test:  removeContactByName
08:57:27 INFO  tests.TestBase - Contact to be deleted has name--->Ivan3430
08:57:28 INFO  manager.HelperBase - Contact was deleted
08:57:28 INFO  tests.TestBase - End of Test:  removeContactByName
08:57:28 INFO  tests.TestBase - start test:  removeOneContactWithDetails
08:57:28 INFO  tests.TestBase - Contact's list starts with 5contacts
08:57:28 INFO  manager.HelperBase - Deleted contact has phone number = +1233552966
08:57:29 INFO  tests.TestBase - Contact's list ends with 4contacts
08:57:29 INFO  tests.TestBase - End of Test:  removeOneContactWithDetails
08:57:29 INFO  tests.TestBase - start test:  LoginNegEmail
08:57:35 INFO  tests.TestBase - End of Test:  LoginNegEmail
08:57:35 INFO  tests.TestBase - start test:  LoginNegPass
08:57:41 INFO  tests.TestBase - End of Test:  LoginNegPass
08:57:41 INFO  tests.TestBase - start test:  LoginPos
08:57:47 INFO  tests.TestBase - End of Test:  LoginPos
08:57:47 INFO  tests.TestBase - start test:  LoginPosModels
08:57:48 INFO  tests.TestBase - End of Test:  LoginPosModels
08:57:48 INFO  tests.TestBase - start test:  RegistrationFailEmail
08:57:48 INFO  tests.TestBase - registration with: email-> UserM3430gmail.com and password-> OlaMar345$
08:57:49 INFO  tests.TestBase - End of Test:  RegistrationFailEmail
08:57:49 INFO  tests.TestBase - start test:  RegistrationFailExistUser
08:57:54 INFO  tests.TestBase - registration with: email-> UserM624@gmail.com and password-> OlaMar345$
08:57:55 INFO  tests.TestBase - End of Test:  RegistrationFailExistUser
08:57:55 INFO  tests.TestBase - start test:  RegistrationFailPassword
08:58:00 INFO  tests.TestBase - registration with: email-> UserM3430@gmail.com and password-> OlaMar345
08:58:01 INFO  tests.TestBase - End of Test:  RegistrationFailPassword
08:58:01 INFO  tests.TestBase - start test:  RegistrationPos
08:58:06 INFO  tests.TestBase - registration with: email-> UserM3430@gmail.com and password-> OlaMar345$
08:58:07 INFO  tests.TestBase - End of Test:  RegistrationPos
08:58:07 INFO  tests.TestBase - start test:  RegistrationPosModels
08:58:07 INFO  tests.TestBase - registration with: email-> UserO3430@gmail.com and password-> OlaMar345$
08:58:07 INFO  tests.TestBase - End of Test:  RegistrationPosModels
