08:46:11 INFO  manager.ApplicationManager - All tests starts in 'Chrome' browser
08:46:12 INFO  tests.TestBase - start test:  contactAddSuccess
08:46:17 INFO  tests.TestBase - Test starts with contact--->Contact(name=Olala2777, lastName=Ben, phone=+1233332777, email=Rff2777@gmail.com, address=Tel Aviv, description=Work contact)
08:46:19 INFO  tests.TestBase - End of Test:  contactAddSuccess
08:46:19 INFO  tests.TestBase - start test:  contactAddSuccess
08:46:19 INFO  tests.TestBase - Test starts with contact--->Contact(name=Olala2779, lastName=Ben, phone=+1233332779, email=Rff2779@gmail.com, address=Tel Aviv, description=Work contact)
08:46:20 INFO  tests.TestBase - End of Test:  contactAddSuccess
08:46:20 INFO  tests.TestBase - start test:  contactAddSuccess
08:46:21 INFO  tests.TestBase - Test starts with contact--->Contact(name=Olala2781, lastName=Ben, phone=+1233332781, email=Rff2781@gmail.com, address=Tel Aviv, description=Work contact)
08:46:22 INFO  tests.TestBase - End of Test:  contactAddSuccess
08:46:22 INFO  tests.TestBase - start test:  oneContactAdd
08:46:22 INFO  tests.TestBase - Test'Add new contact' starts with count of contacts--->4
08:46:25 INFO  tests.TestBase - Test'Add new contact' ends with count of contacts--->5
08:46:25 INFO  tests.TestBase - End of Test:  oneContactAdd
08:46:25 INFO  tests.TestBase - start test:  oneContactRemove
08:46:25 INFO  tests.TestBase - Contact's list start with 5contacts
08:46:26 INFO  tests.TestBase - Contact's list ends with 4contacts
08:46:26 INFO  tests.TestBase - End of Test:  oneContactRemove
08:46:26 INFO  tests.TestBase - start test:  removeContactByName
08:46:26 INFO  tests.TestBase - Contact to be deleted has name--->Ivan2769
08:46:27 INFO  manager.HelperBase - Contact was deleted
08:46:27 INFO  tests.TestBase - End of Test:  removeContactByName
08:46:27 INFO  tests.TestBase - start test:  removeOneContactWithDetails
08:46:27 INFO  tests.TestBase - Contact's list starts with 3contacts
08:46:27 INFO  manager.HelperBase - Deleted contact has phone number = +1233332779
08:46:28 INFO  tests.TestBase - Contact's list ends with 2contacts
08:46:28 INFO  tests.TestBase - End of Test:  removeOneContactWithDetails
08:46:28 INFO  tests.TestBase - start test:  LoginNegEmail
08:46:34 INFO  tests.TestBase - End of Test:  LoginNegEmail
08:46:34 INFO  tests.TestBase - start test:  LoginNegPass
08:46:40 INFO  tests.TestBase - End of Test:  LoginNegPass
08:46:40 INFO  tests.TestBase - start test:  LoginPos
08:46:46 INFO  tests.TestBase - End of Test:  LoginPos
08:46:46 INFO  tests.TestBase - start test:  LoginPosModels
08:46:47 INFO  tests.TestBase - End of Test:  LoginPosModels
08:46:47 INFO  tests.TestBase - start test:  RegistrationFailEmail
08:46:48 INFO  tests.TestBase - End of Test:  RegistrationFailEmail
08:46:48 INFO  tests.TestBase - start test:  RegistrationFailExistUser
08:46:54 INFO  tests.TestBase - End of Test:  RegistrationFailExistUser
08:46:54 INFO  tests.TestBase - start test:  RegistrationFailPassword
08:47:00 INFO  tests.TestBase - End of Test:  RegistrationFailPassword
08:47:00 INFO  tests.TestBase - start test:  RegistrationPos
08:47:05 INFO  tests.TestBase - End of Test:  RegistrationPos
08:47:05 INFO  tests.TestBase - start test:  RegistrationPosModels
08:47:05 INFO  tests.TestBase - End of Test:  RegistrationPosModels
